Logger:         	MadelineProto
Logger:         	Copyright (C) 2016-2018 Daniil Gentili
Logger:         	Licensed under AGPLv3
Logger:         	https://github.com/danog/MadelineProto
TL:             	Loading TL schemes...
TL:             	Parsing TL_mtproto_v1.json...
TL:             	Parsing TL_telegram_v82.tl...
TL:             	CRC32 mismatch (402d9b47, 37982646) for ipPortSecret#37982646 ipv4:int port:int secret:bytes = IpPort;
TL:             	CRC32 mismatch (020634ce, 4679b65f) for accessPointRule#4679b65f phone_prefix_rules:string dc_id:int ips:vector<IpPort> = AccessPointRule;
TL:             	CRC32 mismatch (066d2808, 5a592a6c) for help.configSimple#5a592a6c date:int expires:int rules:vector<AccessPointRule> = help.ConfigSimple;
TL:             	CRC32 mismatch (450b7115, c88974ac) for channel#c88974ac flags:# creator:flags.0?true left:flags.2?true editor:flags.3?true broadcast:flags.5?true verified:flags.7?true megagroup:flags.8?true restricted:flags.9?true democracy:flags.10?true signatures:flags.11?true min:flags.12?true id:int access_hash:flags.13?long title:string username:flags.6?string photo:ChatPhoto date:int version:int restriction_reason:flags.9?string admin_rights:flags.14?ChannelAdminRights banned_rights:flags.15?ChannelBannedRights participants_count:flags.17?int = Chat;
TL:             	Parsing TL_secret.tl...
TL:             	Parsing TL_calls.tl...
TL:             	CRC32 mismatch (e8201c08, dbf948c1) for decryptedDataBlock#dbf948c1 random_id:long random_bytes:string flags:# voice_call_id:flags.2?int128 in_seq_no:flags.4?int out_seq_no:flags.4?int recent_received_mask:flags.5?int proto:flags.3?int extra:flags.1?string raw_data:flags.0?string = DecryptedDataBlock;
TL:             	CRC32 mismatch (d20a6f5c, cc0d0e76) for simpleDataBlock#cc0d0e76 random_id:long random_bytes:string raw_data:string = DecryptedDataBlock;
TL:             	Parsing TL_botAPI.tl...
DataCenter:     	Connecting to DC 2 (main server, ipv4, tcp_abridged)...
DataCenter:     	Trying connection on port 443 of 149.154.167.51...
DataCenter:     	OK!
AuthKeyHandler: 	Generating permanent authorization key for DC 2...
AuthKeyHandler: 	Requesting pq...
ResponseHandler: 	Trying to assign a response of type ResPQ to its request...
ResponseHandler: 	Does the request of return type ResPQ match?
ResponseHandler: 	Yes
AuthKeyHandler: 	Automatic factorization failed, trying native CPP module
AuthKeyHandler: 	Automatic factorization failed, trying alt py module
AuthKeyHandler: 	Automatic factorization failed, trying py module
AuthKeyHandler: 	Automatic factorization failed, trying native module
AuthKeyHandler: 	Automatic factorization failed, trying wolfram module
AuthKeyHandler: 	Factorization 1675878560838121697 = 1199529319 * 1397113463
RSA:            	Encrypting with rsa key...
AuthKeyHandler: 	Starting Diffie Hellman key exchange
ResponseHandler: 	Trying to assign a response of type Server_DH_Params to its request...
ResponseHandler: 	Does the request of return type Server_DH_Params match?
ResponseHandler: 	Yes
AuthKeyHandler: 	Server-client time delta = 1.0 s
AuthKeyHandler: 	Executing p/g checks (1/2)...
AuthKeyHandler: 	Executing p/g checks (2/2)...
AuthKeyHandler: 	Executing g check...
AuthKeyHandler: 	Executing g_a check (1/2)...
AuthKeyHandler: 	Executing g_a check (2/2)...
AuthKeyHandler: 	Generating b...
AuthKeyHandler: 	Generating g_b...
AuthKeyHandler: 	Executing g_a check (1/2)...
AuthKeyHandler: 	Executing g_a check (2/2)...
AuthKeyHandler: 	Executing g_b check...
AuthKeyHandler: 	Preparing client_DH_inner_data...
AuthKeyHandler: 	Executing set_client_DH_params...
ResponseHandler: 	Trying to assign a response of type Set_client_DH_params_answer to its request...
ResponseHandler: 	Does the request of return type Set_client_DH_params_answer match?
ResponseHandler: 	Yes
AuthKeyHandler: 	Generating authorization key...
AuthKeyHandler: 	Diffie Hellman key exchange processed successfully!
AuthKeyHandler: 	Auth key generated
CallHandler:    	Writing client info (also executing help.getConfig)...
MsgIdHandler:   	WARNING: Given message id (6575888779725218817) is bigger than or equal to the current limit (6575888779725177857). Consider syncing your date.
MTProto:        	Got new DC options, reconnecting
DataCenter:     	Disconnecting from DC 2...
DataCenter:     	Connecting to DC 2 (main server, ipv4, tcp_abridged)...
DataCenter:     	Trying connection on port 443 of 149.154.167.51...
DataCenter:     	OK!
DataCenter:     	Connecting to DC 1 (main server, ipv4, tcp_abridged)...
DataCenter:     	Trying connection on port 443 of 149.154.175.50...
DataCenter:     	OK!
DataCenter:     	Connecting to DC 3 (main server, ipv4, tcp_abridged)...
DataCenter:     	Trying connection on port 443 of 149.154.175.100...
DataCenter:     	OK!
DataCenter:     	Connecting to DC 4 (main server, ipv4, tcp_abridged)...
DataCenter:     	Trying connection on port 443 of 149.154.167.91...
DataCenter:     	OK!
DataCenter:     	Connecting to DC 4_media (main server, ipv4, tcp_abridged)...
DataCenter:     	Trying connection on port 443 of 149.154.166.120...
DataCenter:     	OK!
DataCenter:     	Connecting to DC 5 (main server, ipv4, tcp_abridged)...
DataCenter:     	Trying connection on port 443 of 91.108.56.158...
DataCenter:     	OK!
AuthKeyHandler: 	Generating permanent authorization key for DC 1...
AuthKeyHandler: 	Requesting pq...
ResponseHandler: 	Trying to assign a response of type ResPQ to its request...
ResponseHandler: 	Does the request of return type ResPQ match?
ResponseHandler: 	Yes
AuthKeyHandler: 	Automatic factorization failed, trying native CPP module
AuthKeyHandler: 	Automatic factorization failed, trying alt py module
AuthKeyHandler: 	Automatic factorization failed, trying py module
AuthKeyHandler: 	Automatic factorization failed, trying native module
AuthKeyHandler: 	Automatic factorization failed, trying wolfram module
AuthKeyHandler: 	Factorization 3314656683510997471 = 1781613409 * 1860480319
RSA:            	Encrypting with rsa key...
AuthKeyHandler: 	Starting Diffie Hellman key exchange
ResponseHandler: 	Trying to assign a response of type Server_DH_Params to its request...
ResponseHandler: 	Does the request of return type Server_DH_Params match?
ResponseHandler: 	Yes
AuthKeyHandler: 	Server-client time delta = 0.0 s
AuthKeyHandler: 	Executing p/g checks (1/2)...
AuthKeyHandler: 	Executing p/g checks (2/2)...
AuthKeyHandler: 	Executing g check...
AuthKeyHandler: 	Executing g_a check (1/2)...
AuthKeyHandler: 	Executing g_a check (2/2)...
AuthKeyHandler: 	Generating b...
AuthKeyHandler: 	Generating g_b...
AuthKeyHandler: 	Executing g_a check (1/2)...
AuthKeyHandler: 	Executing g_a check (2/2)...
AuthKeyHandler: 	Executing g_b check...
AuthKeyHandler: 	Preparing client_DH_inner_data...
AuthKeyHandler: 	Executing set_client_DH_params...
ResponseHandler: 	Trying to assign a response of type Set_client_DH_params_answer to its request...
ResponseHandler: 	Does the request of return type Set_client_DH_params_answer match?
ResponseHandler: 	Yes
AuthKeyHandler: 	Generating authorization key...
AuthKeyHandler: 	Diffie Hellman key exchange processed successfully!
AuthKeyHandler: 	Auth key generated
CallHandler:    	Writing client info (also executing help.getConfig)...
MsgIdHandler:   	WARNING: Given message id (6575888837154976769) is bigger than or equal to the current limit (6575888837154926593). Consider syncing your date.
AuthKeyHandler: 	Generating permanent authorization key for DC 3...
AuthKeyHandler: 	Requesting pq...
ResponseHandler: 	Trying to assign a response of type ResPQ to its request...
ResponseHandler: 	Does the request of return type ResPQ match?
ResponseHandler: 	Yes
AuthKeyHandler: 	Automatic factorization failed, trying native CPP module
AuthKeyHandler: 	Automatic factorization failed, trying alt py module
AuthKeyHandler: 	Automatic factorization failed, trying py module
AuthKeyHandler: 	Automatic factorization failed, trying native module
AuthKeyHandler: 	Automatic factorization failed, trying wolfram module
AuthKeyHandler: 	Factorization 1634604834049138781 = 1103027351 * 1481925931
RSA:            	Encrypting with rsa key...
AuthKeyHandler: 	Starting Diffie Hellman key exchange
Logger:         	MadelineProto
Logger:         	Copyright (C) 2016-2018 Daniil Gentili
Logger:         	Licensed under AGPLv3
Logger:         	https://github.com/danog/MadelineProto
TL:             	Loading TL schemes...
TL:             	Parsing TL_mtproto_v1.json...
TL:             	Parsing TL_telegram_v82.tl...
TL:             	CRC32 mismatch (402d9b47, 37982646) for ipPortSecret#37982646 ipv4:int port:int secret:bytes = IpPort;
TL:             	CRC32 mismatch (020634ce, 4679b65f) for accessPointRule#4679b65f phone_prefix_rules:string dc_id:int ips:vector<IpPort> = AccessPointRule;
TL:             	CRC32 mismatch (066d2808, 5a592a6c) for help.configSimple#5a592a6c date:int expires:int rules:vector<AccessPointRule> = help.ConfigSimple;
TL:             	CRC32 mismatch (450b7115, c88974ac) for channel#c88974ac flags:# creator:flags.0?true left:flags.2?true editor:flags.3?true broadcast:flags.5?true verified:flags.7?true megagroup:flags.8?true restricted:flags.9?true democracy:flags.10?true signatures:flags.11?true min:flags.12?true id:int access_hash:flags.13?long title:string username:flags.6?string photo:ChatPhoto date:int version:int restriction_reason:flags.9?string admin_rights:flags.14?ChannelAdminRights banned_rights:flags.15?ChannelBannedRights participants_count:flags.17?int = Chat;
TL:             	Parsing TL_secret.tl...
TL:             	Parsing TL_calls.tl...
TL:             	CRC32 mismatch (e8201c08, dbf948c1) for decryptedDataBlock#dbf948c1 random_id:long random_bytes:string flags:# voice_call_id:flags.2?int128 in_seq_no:flags.4?int out_seq_no:flags.4?int recent_received_mask:flags.5?int proto:flags.3?int extra:flags.1?string raw_data:flags.0?string = DecryptedDataBlock;
TL:             	CRC32 mismatch (d20a6f5c, cc0d0e76) for simpleDataBlock#cc0d0e76 random_id:long random_bytes:string raw_data:string = DecryptedDataBlock;
TL:             	Parsing TL_botAPI.tl...
DataCenter:     	Connecting to DC 2 (main server, ipv4, tcp_abridged)...
DataCenter:     	Trying connection on port 443 of 149.154.167.51...
DataCenter:     	OK!
AuthKeyHandler: 	Generating permanent authorization key for DC 2...
AuthKeyHandler: 	Requesting pq...
ResponseHandler: 	Trying to assign a response of type ResPQ to its request...
ResponseHandler: 	Does the request of return type ResPQ match?
ResponseHandler: 	Yes
AuthKeyHandler: 	Automatic factorization failed, trying native CPP module
AuthKeyHandler: 	Automatic factorization failed, trying alt py module
AuthKeyHandler: 	Automatic factorization failed, trying py module
AuthKeyHandler: 	Automatic factorization failed, trying native module
AuthKeyHandler: 	Automatic factorization failed, trying wolfram module
AuthKeyHandler: 	Factorization 1648675219465354343 = 1215718961 * 1356131863
RSA:            	Encrypting with rsa key...
AuthKeyHandler: 	Starting Diffie Hellman key exchange
ResponseHandler: 	Trying to assign a response of type Server_DH_Params to its request...
ResponseHandler: 	Does the request of return type Server_DH_Params match?
ResponseHandler: 	Yes
AuthKeyHandler: 	Server-client time delta = 0.0 s
AuthKeyHandler: 	Executing p/g checks (1/2)...
AuthKeyHandler: 	Executing p/g checks (2/2)...
AuthKeyHandler: 	Executing g check...
AuthKeyHandler: 	Executing g_a check (1/2)...
AuthKeyHandler: 	Executing g_a check (2/2)...
AuthKeyHandler: 	Generating b...
AuthKeyHandler: 	Generating g_b...
AuthKeyHandler: 	Executing g_a check (1/2)...
AuthKeyHandler: 	Executing g_a check (2/2)...
AuthKeyHandler: 	Executing g_b check...
AuthKeyHandler: 	Preparing client_DH_inner_data...
AuthKeyHandler: 	Executing set_client_DH_params...
ResponseHandler: 	Trying to assign a response of type Set_client_DH_params_answer to its request...
ResponseHandler: 	Does the request of return type Set_client_DH_params_answer match?
ResponseHandler: 	Yes
AuthKeyHandler: 	Generating authorization key...
AuthKeyHandler: 	Diffie Hellman key exchange processed successfully!
AuthKeyHandler: 	Auth key generated
CallHandler:    	Writing client info (also executing help.getConfig)...
MsgIdHandler:   	WARNING: Given message id (6575888937281996801) is bigger than or equal to the current limit (6575888937281969153). Consider syncing your date.
MTProto:        	Got new DC options, reconnecting
DataCenter:     	Disconnecting from DC 2...
DataCenter:     	Connecting to DC 2 (main server, ipv4, tcp_abridged)...
DataCenter:     	Trying connection on port 443 of 149.154.167.51...
DataCenter:     	OK!
DataCenter:     	Connecting to DC 1 (main server, ipv4, tcp_abridged)...
DataCenter:     	Trying connection on port 443 of 149.154.175.50...
DataCenter:     	OK!
DataCenter:     	Connecting to DC 3 (main server, ipv4, tcp_abridged)...
DataCenter:     	Trying connection on port 443 of 149.154.175.100...
DataCenter:     	OK!
DataCenter:     	Connecting to DC 4 (main server, ipv4, tcp_abridged)...
DataCenter:     	Trying connection on port 443 of 149.154.167.91...
DataCenter:     	OK!
DataCenter:     	Connecting to DC 4_media (main server, ipv4, tcp_abridged)...
DataCenter:     	Trying connection on port 443 of 149.154.166.120...
DataCenter:     	OK!
DataCenter:     	Connecting to DC 5 (main server, ipv4, tcp_abridged)...
DataCenter:     	Trying connection on port 443 of 91.108.56.158...
DataCenter:     	OK!
AuthKeyHandler: 	Generating permanent authorization key for DC 1...
AuthKeyHandler: 	Requesting pq...
ResponseHandler: 	Trying to assign a response of type ResPQ to its request...
ResponseHandler: 	Does the request of return type ResPQ match?
ResponseHandler: 	Yes
AuthKeyHandler: 	Automatic factorization failed, trying native CPP module
AuthKeyHandler: 	Automatic factorization failed, trying alt py module
AuthKeyHandler: 	Automatic factorization failed, trying py module
AuthKeyHandler: 	Automatic factorization failed, trying native module
AuthKeyHandler: 	Automatic factorization failed, trying wolfram module
AuthKeyHandler: 	Factorization 3431058027529977641 = 1722144469 * 1992317189
RSA:            	Encrypting with rsa key...
AuthKeyHandler: 	Starting Diffie Hellman key exchange
ResponseHandler: 	Trying to assign a response of type Server_DH_Params to its request...
ResponseHandler: 	Does the request of return type Server_DH_Params match?
ResponseHandler: 	Yes
AuthKeyHandler: 	Server-client time delta = 0.0 s
AuthKeyHandler: 	Executing p/g checks (1/2)...
AuthKeyHandler: 	Executing p/g checks (2/2)...
AuthKeyHandler: 	Executing g check...
AuthKeyHandler: 	Executing g_a check (1/2)...
AuthKeyHandler: 	Executing g_a check (2/2)...
AuthKeyHandler: 	Generating b...
AuthKeyHandler: 	Generating g_b...
AuthKeyHandler: 	Executing g_a check (1/2)...
AuthKeyHandler: 	Executing g_a check (2/2)...
AuthKeyHandler: 	Executing g_b check...
AuthKeyHandler: 	Preparing client_DH_inner_data...
AuthKeyHandler: 	Executing set_client_DH_params...
ResponseHandler: 	Trying to assign a response of type Set_client_DH_params_answer to its request...
ResponseHandler: 	Does the request of return type Set_client_DH_params_answer match?
ResponseHandler: 	Yes
AuthKeyHandler: 	Generating authorization key...
AuthKeyHandler: 	Diffie Hellman key exchange processed successfully!
AuthKeyHandler: 	Auth key generated
CallHandler:    	Writing client info (also executing help.getConfig)...
MsgIdHandler:   	WARNING: Given message id (6575888980076690433) is bigger than or equal to the current limit (6575888980076651521). Consider syncing your date.
AuthKeyHandler: 	Generating permanent authorization key for DC 3...
AuthKeyHandler: 	Requesting pq...
ResponseHandler: 	Trying to assign a response of type ResPQ to its request...
ResponseHandler: 	Does the request of return type ResPQ match?
ResponseHandler: 	Yes
AuthKeyHandler: 	Automatic factorization failed, trying native CPP module
AuthKeyHandler: 	Automatic factorization failed, trying alt py module
AuthKeyHandler: 	Automatic factorization failed, trying py module
AuthKeyHandler: 	Automatic factorization failed, trying native module
AuthKeyHandler: 	Automatic factorization failed, trying wolfram module
AuthKeyHandler: 	Factorization 1462951053331539749 = 1114692511 * 1312425659
RSA:            	Encrypting with rsa key...
AuthKeyHandler: 	Starting Diffie Hellman key exchange
ResponseHandler: 	Trying to assign a response of type Server_DH_Params to its request...
ResponseHandler: 	Does the request of return type Server_DH_Params match?
ResponseHandler: 	Yes
AuthKeyHandler: 	Server-client time delta = 0.0 s
AuthKeyHandler: 	Executing p/g checks (1/2)...
AuthKeyHandler: 	Executing p/g checks (2/2)...
AuthKeyHandler: 	Executing g check...
AuthKeyHandler: 	Executing g_a check (1/2)...
AuthKeyHandler: 	Executing g_a check (2/2)...
AuthKeyHandler: 	Generating b...
AuthKeyHandler: 	Generating g_b...
AuthKeyHandler: 	Executing g_a check (1/2)...
AuthKeyHandler: 	Executing g_a check (2/2)...
AuthKeyHandler: 	Executing g_b check...
AuthKeyHandler: 	Preparing client_DH_inner_data...
AuthKeyHandler: 	Executing set_client_DH_params...
ResponseHandler: 	Trying to assign a response of type Set_client_DH_params_answer to its request...
ResponseHandler: 	Does the request of return type Set_client_DH_params_answer match?
ResponseHandler: 	Yes
AuthKeyHandler: 	Generating authorization key...
Logger:         	MadelineProto
Logger:         	Copyright (C) 2016-2018 Daniil Gentili
Logger:         	Licensed under AGPLv3
Logger:         	https://github.com/danog/MadelineProto
TL:             	Loading TL schemes...
TL:             	Parsing TL_mtproto_v1.json...
TL:             	Parsing TL_telegram_v82.tl...
TL:             	CRC32 mismatch (402d9b47, 37982646) for ipPortSecret#37982646 ipv4:int port:int secret:bytes = IpPort;
TL:             	CRC32 mismatch (020634ce, 4679b65f) for accessPointRule#4679b65f phone_prefix_rules:string dc_id:int ips:vector<IpPort> = AccessPointRule;
TL:             	CRC32 mismatch (066d2808, 5a592a6c) for help.configSimple#5a592a6c date:int expires:int rules:vector<AccessPointRule> = help.ConfigSimple;
TL:             	CRC32 mismatch (450b7115, c88974ac) for channel#c88974ac flags:# creator:flags.0?true left:flags.2?true editor:flags.3?true broadcast:flags.5?true verified:flags.7?true megagroup:flags.8?true restricted:flags.9?true democracy:flags.10?true signatures:flags.11?true min:flags.12?true id:int access_hash:flags.13?long title:string username:flags.6?string photo:ChatPhoto date:int version:int restriction_reason:flags.9?string admin_rights:flags.14?ChannelAdminRights banned_rights:flags.15?ChannelBannedRights participants_count:flags.17?int = Chat;
TL:             	Parsing TL_secret.tl...
TL:             	Parsing TL_calls.tl...
TL:             	CRC32 mismatch (e8201c08, dbf948c1) for decryptedDataBlock#dbf948c1 random_id:long random_bytes:string flags:# voice_call_id:flags.2?int128 in_seq_no:flags.4?int out_seq_no:flags.4?int recent_received_mask:flags.5?int proto:flags.3?int extra:flags.1?string raw_data:flags.0?string = DecryptedDataBlock;
TL:             	CRC32 mismatch (d20a6f5c, cc0d0e76) for simpleDataBlock#cc0d0e76 random_id:long random_bytes:string raw_data:string = DecryptedDataBlock;
TL:             	Parsing TL_botAPI.tl...
DataCenter:     	Connecting to DC 2 (main server, ipv4, tcp_abridged)...
DataCenter:     	Trying connection on port 443 of 149.154.167.51...
DataCenter:     	OK!
AuthKeyHandler: 	Generating permanent authorization key for DC 2...
AuthKeyHandler: 	Requesting pq...
ResponseHandler: 	Trying to assign a response of type ResPQ to its request...
ResponseHandler: 	Does the request of return type ResPQ match?
ResponseHandler: 	Yes
AuthKeyHandler: 	Automatic factorization failed, trying native CPP module
AuthKeyHandler: 	Automatic factorization failed, trying alt py module
AuthKeyHandler: 	Automatic factorization failed, trying py module
AuthKeyHandler: 	Automatic factorization failed, trying native module
AuthKeyHandler: 	Automatic factorization failed, trying wolfram module
AuthKeyHandler: 	Factorization 1990424898616829791 = 1101143201 * 1807598591
RSA:            	Encrypting with rsa key...
AuthKeyHandler: 	Starting Diffie Hellman key exchange
ResponseHandler: 	Trying to assign a response of type Server_DH_Params to its request...
ResponseHandler: 	Does the request of return type Server_DH_Params match?
ResponseHandler: 	Yes
AuthKeyHandler: 	Server-client time delta = 0.0 s
AuthKeyHandler: 	Executing p/g checks (1/2)...
AuthKeyHandler: 	Executing p/g checks (2/2)...
AuthKeyHandler: 	Executing g check...
AuthKeyHandler: 	Executing g_a check (1/2)...
AuthKeyHandler: 	Executing g_a check (2/2)...
AuthKeyHandler: 	Generating b...
AuthKeyHandler: 	Generating g_b...
AuthKeyHandler: 	Executing g_a check (1/2)...
AuthKeyHandler: 	Executing g_a check (2/2)...
AuthKeyHandler: 	Executing g_b check...
AuthKeyHandler: 	Preparing client_DH_inner_data...
AuthKeyHandler: 	Executing set_client_DH_params...
ResponseHandler: 	Trying to assign a response of type Set_client_DH_params_answer to its request...
ResponseHandler: 	Does the request of return type Set_client_DH_params_answer match?
ResponseHandler: 	Yes
AuthKeyHandler: 	Generating authorization key...
AuthKeyHandler: 	Diffie Hellman key exchange processed successfully!
AuthKeyHandler: 	Auth key generated
CallHandler:    	Writing client info (also executing help.getConfig)...
MsgIdHandler:   	WARNING: Given message id (6575891453062129665) is bigger than or equal to the current limit (6575891453062121473). Consider syncing your date.
MTProto:        	Got new DC options, reconnecting
DataCenter:     	Disconnecting from DC 2...
DataCenter:     	Connecting to DC 2 (main server, ipv4, tcp_abridged)...
DataCenter:     	Trying connection on port 443 of 149.154.167.51...
DataCenter:     	OK!
DataCenter:     	Connecting to DC 1 (main server, ipv4, tcp_abridged)...
DataCenter:     	Trying connection on port 443 of 149.154.175.50...
DataCenter:     	OK!
DataCenter:     	Connecting to DC 3 (main server, ipv4, tcp_abridged)...
DataCenter:     	Trying connection on port 443 of 149.154.175.100...
DataCenter:     	OK!
DataCenter:     	Connecting to DC 4 (main server, ipv4, tcp_abridged)...
DataCenter:     	Trying connection on port 443 of 149.154.167.91...
DataCenter:     	OK!
DataCenter:     	Connecting to DC 4_media (main server, ipv4, tcp_abridged)...
DataCenter:     	Trying connection on port 443 of 149.154.166.120...
DataCenter:     	OK!
DataCenter:     	Connecting to DC 5 (main server, ipv4, tcp_abridged)...
DataCenter:     	Trying connection on port 443 of 91.108.56.158...
DataCenter:     	OK!
AuthKeyHandler: 	Generating permanent authorization key for DC 1...
AuthKeyHandler: 	Requesting pq...
ResponseHandler: 	Trying to assign a response of type ResPQ to its request...
ResponseHandler: 	Does the request of return type ResPQ match?
ResponseHandler: 	Yes
AuthKeyHandler: 	Automatic factorization failed, trying native CPP module
AuthKeyHandler: 	Automatic factorization failed, trying alt py module
AuthKeyHandler: 	Automatic factorization failed, trying py module
AuthKeyHandler: 	Automatic factorization failed, trying native module
AuthKeyHandler: 	Automatic factorization failed, trying wolfram module
AuthKeyHandler: 	Factorization 1402280372529234409 = 1165561781 * 1203093989
RSA:            	Encrypting with rsa key...
AuthKeyHandler: 	Starting Diffie Hellman key exchange
ResponseHandler: 	Trying to assign a response of type Server_DH_Params to its request...
ResponseHandler: 	Does the request of return type Server_DH_Params match?
ResponseHandler: 	Yes
AuthKeyHandler: 	Server-client time delta = 0.0 s
AuthKeyHandler: 	Executing p/g checks (1/2)...
AuthKeyHandler: 	Executing p/g checks (2/2)...
AuthKeyHandler: 	Executing g check...
AuthKeyHandler: 	Executing g_a check (1/2)...
AuthKeyHandler: 	Executing g_a check (2/2)...
AuthKeyHandler: 	Generating b...
AuthKeyHandler: 	Generating g_b...
AuthKeyHandler: 	Executing g_a check (1/2)...
AuthKeyHandler: 	Executing g_a check (2/2)...
AuthKeyHandler: 	Executing g_b check...
AuthKeyHandler: 	Preparing client_DH_inner_data...
AuthKeyHandler: 	Executing set_client_DH_params...
ResponseHandler: 	Trying to assign a response of type Set_client_DH_params_answer to its request...
ResponseHandler: 	Does the request of return type Set_client_DH_params_answer match?
ResponseHandler: 	Yes
AuthKeyHandler: 	Generating authorization key...
AuthKeyHandler: 	Diffie Hellman key exchange processed successfully!
AuthKeyHandler: 	Auth key generated
CallHandler:    	Writing client info (also executing help.getConfig)...
MsgIdHandler:   	WARNING: Given message id (6575891487416838145) is bigger than or equal to the current limit (6575891487416800257). Consider syncing your date.
AuthKeyHandler: 	Generating permanent authorization key for DC 3...
AuthKeyHandler: 	Requesting pq...
ResponseHandler: 	Trying to assign a response of type ResPQ to its request...
ResponseHandler: 	Does the request of return type ResPQ match?
ResponseHandler: 	Yes
AuthKeyHandler: 	Automatic factorization failed, trying native CPP module
AuthKeyHandler: 	Automatic factorization failed, trying alt py module
AuthKeyHandler: 	Automatic factorization failed, trying py module
AuthKeyHandler: 	Automatic factorization failed, trying native module
AuthKeyHandler: 	Automatic factorization failed, trying wolfram module
AuthKeyHandler: 	Factorization 1465396287323881061 = 1086133133 * 1349186617
RSA:            	Encrypting with rsa key...
AuthKeyHandler: 	Starting Diffie Hellman key exchange
ResponseHandler: 	Trying to assign a response of type Server_DH_Params to its request...
ResponseHandler: 	Does the request of return type Server_DH_Params match?
ResponseHandler: 	Yes
AuthKeyHandler: 	Server-client time delta = 0.0 s
AuthKeyHandler: 	Executing p/g checks (1/2)...
AuthKeyHandler: 	Executing p/g checks (2/2)...
AuthKeyHandler: 	Executing g check...
AuthKeyHandler: 	Executing g_a check (1/2)...
AuthKeyHandler: 	Executing g_a check (2/2)...
AuthKeyHandler: 	Generating b...
Logger:         	MadelineProto
Logger:         	Copyright (C) 2016-2018 Daniil Gentili
Logger:         	Licensed under AGPLv3
Logger:         	https://github.com/danog/MadelineProto
TL:             	Loading TL schemes...
TL:             	Parsing TL_mtproto_v1.json...
TL:             	Parsing TL_telegram_v82.tl...
TL:             	CRC32 mismatch (402d9b47, 37982646) for ipPortSecret#37982646 ipv4:int port:int secret:bytes = IpPort;
TL:             	CRC32 mismatch (020634ce, 4679b65f) for accessPointRule#4679b65f phone_prefix_rules:string dc_id:int ips:vector<IpPort> = AccessPointRule;
TL:             	CRC32 mismatch (066d2808, 5a592a6c) for help.configSimple#5a592a6c date:int expires:int rules:vector<AccessPointRule> = help.ConfigSimple;
TL:             	CRC32 mismatch (450b7115, c88974ac) for channel#c88974ac flags:# creator:flags.0?true left:flags.2?true editor:flags.3?true broadcast:flags.5?true verified:flags.7?true megagroup:flags.8?true restricted:flags.9?true democracy:flags.10?true signatures:flags.11?true min:flags.12?true id:int access_hash:flags.13?long title:string username:flags.6?string photo:ChatPhoto date:int version:int restriction_reason:flags.9?string admin_rights:flags.14?ChannelAdminRights banned_rights:flags.15?ChannelBannedRights participants_count:flags.17?int = Chat;
TL:             	Parsing TL_secret.tl...
TL:             	Parsing TL_calls.tl...
TL:             	CRC32 mismatch (e8201c08, dbf948c1) for decryptedDataBlock#dbf948c1 random_id:long random_bytes:string flags:# voice_call_id:flags.2?int128 in_seq_no:flags.4?int out_seq_no:flags.4?int recent_received_mask:flags.5?int proto:flags.3?int extra:flags.1?string raw_data:flags.0?string = DecryptedDataBlock;
TL:             	CRC32 mismatch (d20a6f5c, cc0d0e76) for simpleDataBlock#cc0d0e76 random_id:long random_bytes:string raw_data:string = DecryptedDataBlock;
TL:             	Parsing TL_botAPI.tl...
DataCenter:     	Connecting to DC 2 (main server, ipv4, tcp_abridged)...
DataCenter:     	Trying connection on port 443 of 149.154.167.51...
DataCenter:     	OK!
AuthKeyHandler: 	Generating permanent authorization key for DC 2...
AuthKeyHandler: 	Requesting pq...
ResponseHandler: 	Trying to assign a response of type ResPQ to its request...
ResponseHandler: 	Does the request of return type ResPQ match?
ResponseHandler: 	Yes
AuthKeyHandler: 	Automatic factorization failed, trying native CPP module
AuthKeyHandler: 	Automatic factorization failed, trying alt py module
AuthKeyHandler: 	Automatic factorization failed, trying py module
AuthKeyHandler: 	Automatic factorization failed, trying native module
AuthKeyHandler: 	Automatic factorization failed, trying wolfram module
AuthKeyHandler: 	Factorization 2282630383063465181 = 1467404777 * 1555556053
RSA:            	Encrypting with rsa key...
AuthKeyHandler: 	Starting Diffie Hellman key exchange
ResponseHandler: 	Trying to assign a response of type Server_DH_Params to its request...
ResponseHandler: 	Does the request of return type Server_DH_Params match?
ResponseHandler: 	Yes
AuthKeyHandler: 	Server-client time delta = 1.0 s
AuthKeyHandler: 	Executing p/g checks (1/2)...
AuthKeyHandler: 	Executing p/g checks (2/2)...
AuthKeyHandler: 	Executing g check...
AuthKeyHandler: 	Executing g_a check (1/2)...
AuthKeyHandler: 	Executing g_a check (2/2)...
AuthKeyHandler: 	Generating b...
AuthKeyHandler: 	Generating g_b...
AuthKeyHandler: 	Executing g_a check (1/2)...
AuthKeyHandler: 	Executing g_a check (2/2)...
AuthKeyHandler: 	Executing g_b check...
AuthKeyHandler: 	Preparing client_DH_inner_data...
AuthKeyHandler: 	Executing set_client_DH_params...
ResponseHandler: 	Trying to assign a response of type Set_client_DH_params_answer to its request...
ResponseHandler: 	Does the request of return type Set_client_DH_params_answer match?
ResponseHandler: 	Yes
AuthKeyHandler: 	Generating authorization key...
AuthKeyHandler: 	Diffie Hellman key exchange processed successfully!
AuthKeyHandler: 	Auth key generated
CallHandler:    	Writing client info (also executing help.getConfig)...
MsgIdHandler:   	WARNING: Given message id (6575891948996793345) is bigger than or equal to the current limit (6575891948996782081). Consider syncing your date.
MTProto:        	Got new DC options, reconnecting
DataCenter:     	Disconnecting from DC 2...
DataCenter:     	Connecting to DC 2 (main server, ipv4, tcp_abridged)...
DataCenter:     	Trying connection on port 443 of 149.154.167.51...
DataCenter:     	OK!
DataCenter:     	Connecting to DC 1 (main server, ipv4, tcp_abridged)...
DataCenter:     	Trying connection on port 443 of 149.154.175.50...
DataCenter:     	OK!
DataCenter:     	Connecting to DC 3 (main server, ipv4, tcp_abridged)...
DataCenter:     	Trying connection on port 443 of 149.154.175.100...
DataCenter:     	OK!
DataCenter:     	Connecting to DC 4 (main server, ipv4, tcp_abridged)...
DataCenter:     	Trying connection on port 443 of 149.154.167.91...
DataCenter:     	OK!
DataCenter:     	Connecting to DC 4_media (main server, ipv4, tcp_abridged)...
DataCenter:     	Trying connection on port 443 of 149.154.166.120...
DataCenter:     	OK!
DataCenter:     	Connecting to DC 5 (main server, ipv4, tcp_abridged)...
DataCenter:     	Trying connection on port 443 of 91.108.56.158...
DataCenter:     	OK!
AuthKeyHandler: 	Generating permanent authorization key for DC 1...
AuthKeyHandler: 	Requesting pq...
ResponseHandler: 	Trying to assign a response of type ResPQ to its request...
ResponseHandler: 	Does the request of return type ResPQ match?
ResponseHandler: 	Yes
AuthKeyHandler: 	Automatic factorization failed, trying native CPP module
AuthKeyHandler: 	Automatic factorization failed, trying alt py module
AuthKeyHandler: 	Automatic factorization failed, trying py module
AuthKeyHandler: 	Automatic factorization failed, trying native module
AuthKeyHandler: 	Automatic factorization failed, trying wolfram module
AuthKeyHandler: 	Factorization 2286633558534304667 = 1335403271 * 1712316877
RSA:            	Encrypting with rsa key...
AuthKeyHandler: 	Starting Diffie Hellman key exchange
ResponseHandler: 	Trying to assign a response of type Server_DH_Params to its request...
ResponseHandler: 	Does the request of return type Server_DH_Params match?
ResponseHandler: 	Yes
AuthKeyHandler: 	Server-client time delta = 1.0 s
AuthKeyHandler: 	Executing p/g checks (1/2)...
AuthKeyHandler: 	Executing p/g checks (2/2)...
AuthKeyHandler: 	Executing g check...
AuthKeyHandler: 	Executing g_a check (1/2)...
AuthKeyHandler: 	Executing g_a check (2/2)...
AuthKeyHandler: 	Generating b...
AuthKeyHandler: 	Generating g_b...
AuthKeyHandler: 	Executing g_a check (1/2)...
AuthKeyHandler: 	Executing g_a check (2/2)...
AuthKeyHandler: 	Executing g_b check...
AuthKeyHandler: 	Preparing client_DH_inner_data...
AuthKeyHandler: 	Executing set_client_DH_params...
ResponseHandler: 	Trying to assign a response of type Set_client_DH_params_answer to its request...
ResponseHandler: 	Does the request of return type Set_client_DH_params_answer match?
ResponseHandler: 	Yes
AuthKeyHandler: 	Generating authorization key...
AuthKeyHandler: 	Diffie Hellman key exchange processed successfully!
AuthKeyHandler: 	Auth key generated
CallHandler:    	Writing client info (also executing help.getConfig)...
MsgIdHandler:   	WARNING: Given message id (6575891988917117953) is bigger than or equal to the current limit (6575891988917048321). Consider syncing your date.
AuthKeyHandler: 	Generating permanent authorization key for DC 3...
AuthKeyHandler: 	Requesting pq...
ResponseHandler: 	Trying to assign a response of type ResPQ to its request...
ResponseHandler: 	Does the request of return type ResPQ match?
ResponseHandler: 	Yes
AuthKeyHandler: 	Automatic factorization failed, trying native CPP module
AuthKeyHandler: 	Automatic factorization failed, trying alt py module
AuthKeyHandler: 	Automatic factorization failed, trying py module
AuthKeyHandler: 	Automatic factorization failed, trying native module
AuthKeyHandler: 	Automatic factorization failed, trying wolfram module
AuthKeyHandler: 	Factorization 2109330130695677719 = 1172205869 * 1799453651
RSA:            	Encrypting with rsa key...
AuthKeyHandler: 	Starting Diffie Hellman key exchange
ResponseHandler: 	Trying to assign a response of type Server_DH_Params to its request...
ResponseHandler: 	Does the request of return type Server_DH_Params match?
ResponseHandler: 	Yes
AuthKeyHandler: 	Server-client time delta = 0.0 s
AuthKeyHandler: 	Executing p/g checks (1/2)...
AuthKeyHandler: 	Executing p/g checks (2/2)...
AuthKeyHandler: 	Executing g check...
AuthKeyHandler: 	Executing g_a check (1/2)...
AuthKeyHandler: 	Executing g_a check (2/2)...
AuthKeyHandler: 	Generating b...
AuthKeyHandler: 	Generating g_b...
AuthKeyHandler: 	Executing g_a check (1/2)...
AuthKeyHandler: 	Executing g_a check (2/2)...
AuthKeyHandler: 	Executing g_b check...
AuthKeyHandler: 	Preparing client_DH_inner_data...
AuthKeyHandler: 	Executing set_client_DH_params...
ResponseHandler: 	Trying to assign a response of type Set_client_DH_params_answer to its request...
ResponseHandler: 	Does the request of return type Set_client_DH_params_answer match?
ResponseHandler: 	Yes
AuthKeyHandler: 	Generating authorization key...
AuthKeyHandler: 	Diffie Hellman key exchange processed successfully!
AuthKeyHandler: 	Auth key generated
CallHandler:    	Writing client info (also executing help.getConfig)...
MsgIdHandler:   	WARNING: Given message id (6575892024808480769) is bigger than or equal to the current limit (6575892024808438785). Consider syncing your date.
AuthKeyHandler: 	Generating permanent authorization key for DC 4...
AuthKeyHandler: 	Requesting pq...
ResponseHandler: 	Trying to assign a response of type ResPQ to its request...
ResponseHandler: 	Does the request of return type ResPQ match?
ResponseHandler: 	Yes
AuthKeyHandler: 	Automatic factorization failed, trying native CPP module
AuthKeyHandler: 	Automatic factorization failed, trying alt py module
AuthKeyHandler: 	Automatic factorization failed, trying py module
AuthKeyHandler: 	Automatic factorization failed, trying native module
AuthKeyHandler: 	Automatic factorization failed, trying wolfram module
AuthKeyHandler: 	Factorization 3690223239867583099 = 1859180261 * 1984865759
RSA:            	Encrypting with rsa key...
AuthKeyHandler: 	Starting Diffie Hellman key exchange
ResponseHandler: 	Trying to assign a response of type Server_DH_Params to its request...
ResponseHandler: 	Does the request of return type Server_DH_Params match?
ResponseHandler: 	Yes
AuthKeyHandler: 	Server-client time delta = 0.0 s
AuthKeyHandler: 	Executing p/g checks (1/2)...
AuthKeyHandler: 	Executing p/g checks (2/2)...
AuthKeyHandler: 	Executing g check...
AuthKeyHandler: 	Executing g_a check (1/2)...
AuthKeyHandler: 	Executing g_a check (2/2)...
AuthKeyHandler: 	Generating b...
AuthKeyHandler: 	Generating g_b...
AuthKeyHandler: 	Executing g_a check (1/2)...
AuthKeyHandler: 	Executing g_a check (2/2)...
AuthKeyHandler: 	Executing g_b check...
AuthKeyHandler: 	Preparing client_DH_inner_data...
AuthKeyHandler: 	Executing set_client_DH_params...
ResponseHandler: 	Trying to assign a response of type Set_client_DH_params_answer to its request...
ResponseHandler: 	Does the request of return type Set_client_DH_params_answer match?
ResponseHandler: 	Yes
AuthKeyHandler: 	Generating authorization key...
AuthKeyHandler: 	Diffie Hellman key exchange processed successfully!
AuthKeyHandler: 	Auth key generated
CallHandler:    	Writing client info (also executing help.getConfig)...
MsgIdHandler:   	WARNING: Given message id (6575892050999932929) is bigger than or equal to the current limit (6575892050999923713). Consider syncing your date.
CallHandler:    	Writing client info (also executing help.getConfig)...
MsgIdHandler:   	WARNING: Given message id (6575892053415144449) is bigger than or equal to the current limit (6575892053415105537). Consider syncing your date.
AuthKeyHandler: 	Generating permanent authorization key for DC 5...
AuthKeyHandler: 	Requesting pq...
ResponseHandler: 	Trying to assign a response of type ResPQ to its request...
ResponseHandler: 	Does the request of return type ResPQ match?
ResponseHandler: 	Yes
AuthKeyHandler: 	Automatic factorization failed, trying native CPP module
AuthKeyHandler: 	Automatic factorization failed, trying alt py module
AuthKeyHandler: 	Automatic factorization failed, trying py module
AuthKeyHandler: 	Automatic factorization failed, trying native module
AuthKeyHandler: 	Automatic factorization failed, trying wolfram module
AuthKeyHandler: 	Factorization 1530940405769023259 = 1122425503 * 1363957253
RSA:            	Encrypting with rsa key...
AuthKeyHandler: 	Starting Diffie Hellman key exchange
AuthKeyHandler: 	An RPCErrorException occurred while generating the authorization key: -404 Retrying (try number 1)...
AuthKeyHandler: 	Requesting pq...
ResponseHandler: 	Trying to assign a response of type ResPQ to its request...
ResponseHandler: 	Does the request of return type ResPQ match?
ResponseHandler: 	Yes
AuthKeyHandler: 	Automatic factorization failed, trying native CPP module
AuthKeyHandler: 	Automatic factorization failed, trying alt py module
AuthKeyHandler: 	Automatic factorization failed, trying py module
AuthKeyHandler: 	Automatic factorization failed, trying native module
AuthKeyHandler: 	Automatic factorization failed, trying wolfram module
AuthKeyHandler: 	Factorization 3020334573150801367 = 1645906387 * 1835058541
RSA:            	Encrypting with rsa key...
AuthKeyHandler: 	Starting Diffie Hellman key exchange
ResponseHandler: 	Trying to assign a response of type Server_DH_Params to its request...
ResponseHandler: 	Does the request of return type Server_DH_Params match?
ResponseHandler: 	Yes
AuthKeyHandler: 	Server-client time delta = 0.0 s
AuthKeyHandler: 	Executing p/g checks (1/2)...
AuthKeyHandler: 	Executing p/g checks (2/2)...
AuthKeyHandler: 	Executing g check...
AuthKeyHandler: 	Executing g_a check (1/2)...
AuthKeyHandler: 	Executing g_a check (2/2)...
AuthKeyHandler: 	Generating b...
AuthKeyHandler: 	Generating g_b...
AuthKeyHandler: 	Executing g_a check (1/2)...
AuthKeyHandler: 	Executing g_a check (2/2)...
AuthKeyHandler: 	Executing g_b check...
AuthKeyHandler: 	Preparing client_DH_inner_data...
AuthKeyHandler: 	Executing set_client_DH_params...
ResponseHandler: 	Trying to assign a response of type Set_client_DH_params_answer to its request...
ResponseHandler: 	Does the request of return type Set_client_DH_params_answer match?
ResponseHandler: 	Yes
AuthKeyHandler: 	Generating authorization key...
AuthKeyHandler: 	Diffie Hellman key exchange processed successfully!
AuthKeyHandler: 	Auth key generated
CallHandler:    	Writing client info (also executing help.getConfig)...
MsgIdHandler:   	WARNING: Given message id (6575892109996818433) is bigger than or equal to the current limit (6575892109996690433). Consider syncing your date.
MTProto:        	Updated config!
MTProto:        	{
    "_": "config",
    "phonecalls_enabled": false,
    "default_p2p_contacts": false,
    "preload_featured_stickers": false,
    "ignore_phone_entities": false,
    "revoke_pm_inbox": false,
    "blocked_mode": false,
    "date": 1531069155,
    "expires": 1531072237,
    "test_mode": false,
    "this_dc": 2,
    "dc_txt_domain_name": "apv2.stel.com",
    "chat_size_max": 200,
    "megagroup_size_max": 100000,
    "forwarded_count_max": 100,
    "online_update_period_ms": 120000,
    "offline_blur_timeout_ms": 5000,
    "offline_idle_timeout_ms": 30000,
    "online_cloud_timeout_ms": 300000,
    "notify_cloud_delay_ms": 30000,
    "notify_default_delay_ms": 1500,
    "push_chat_period_ms": 60000,
    "push_chat_limit": 2,
    "saved_gifs_limit": 200,
    "edit_time_limit": 172800,
    "revoke_time_limit": 172800,
    "revoke_pm_time_limit": 172800,
    "rating_e_decay": 2419200,
    "stickers_recent_limit": 200,
    "stickers_faved_limit": 5,
    "channels_read_media_period": 604800,
    "pinned_dialogs_count_max": 5,
    "call_receive_timeout_ms": 20000,
    "call_ring_timeout_ms": 90000,
    "call_connect_timeout_ms": 30000,
    "call_packet_timeout_ms": 10000,
    "me_url_prefix": "https://t.me/",
    "gif_search_username": "gif",
    "venue_search_username": "foursquare",
    "img_search_username": "bing",
    "caption_length_max": 200,
    "message_length_max": 4096,
    "webfile_dc_id": 4
}
MTProto:        	We're in IN, nearest DC is 5.
API:            	Running APIFactory...
APIFactory:     	Didn't serialize in a while, doing that now...
API:            	Serializing MadelineProto...
Serialization:  	Waiting for exclusive lock of serialization lockfile...
Serialization:  	Lock acquired, serializing
API:            	MadelineProto is ready!
API:            	Serializing MadelineProto...
API:            	Serializing MadelineProto...
Serialization:  	Waiting for exclusive lock of serialization lockfile...
Serialization:  	Lock acquired, serializing
Logger:         	MadelineProto
Logger:         	Copyright (C) 2016-2018 Daniil Gentili
Logger:         	Licensed under AGPLv3
Logger:         	https://github.com/danog/MadelineProto
DataCenter:     	Disconnecting from DC 2...
DataCenter:     	Disconnecting from DC 1...
DataCenter:     	Disconnecting from DC 3...
DataCenter:     	Disconnecting from DC 4...
DataCenter:     	Disconnecting from DC 4_media...
DataCenter:     	Disconnecting from DC 5...
DataCenter:     	Connecting to DC 2 (main server, ipv4, tcp_abridged)...
DataCenter:     	Trying connection on port 443 of 149.154.167.51...
DataCenter:     	OK!
DataCenter:     	Connecting to DC 1 (main server, ipv4, tcp_abridged)...
DataCenter:     	Trying connection on port 443 of 149.154.175.50...
DataCenter:     	OK!
DataCenter:     	Connecting to DC 3 (main server, ipv4, tcp_abridged)...
DataCenter:     	Trying connection on port 443 of 149.154.175.100...
DataCenter:     	OK!
DataCenter:     	Connecting to DC 4 (main server, ipv4, tcp_abridged)...
DataCenter:     	Trying connection on port 443 of 149.154.167.91...
DataCenter:     	OK!
DataCenter:     	Connecting to DC 4_media (main server, ipv4, tcp_abridged)...
DataCenter:     	Trying connection on port 443 of 149.154.166.120...
DataCenter:     	OK!
DataCenter:     	Connecting to DC 5 (main server, ipv4, tcp_abridged)...
DataCenter:     	Trying connection on port 443 of 91.108.56.158...
DataCenter:     	OK!
MsgIdHandler:   	WARNING: Given message id (6575892456137997313) is bigger than or equal to the current limit (6575892456137963521). Consider syncing your date.
MTProto:        	The authorization key has expired
API:            	Serializing MadelineProto...
APIFactory:     	Didn't serialize in a while, doing that now...
API:            	Serializing MadelineProto...
Serialization:  	Waiting for exclusive lock of serialization lockfile...
Serialization:  	Lock acquired, serializing
API:            	Serializing MadelineProto...
Serialization:  	Waiting for exclusive lock of serialization lockfile...
Serialization:  	Lock acquired, serializing
Logger:         	MadelineProto
Logger:         	Copyright (C) 2016-2018 Daniil Gentili
Logger:         	Licensed under AGPLv3
Logger:         	https://github.com/danog/MadelineProto
DataCenter:     	Disconnecting from DC 2...
DataCenter:     	Disconnecting from DC 1...
DataCenter:     	Disconnecting from DC 3...
DataCenter:     	Disconnecting from DC 4...
DataCenter:     	Disconnecting from DC 4_media...
DataCenter:     	Disconnecting from DC 5...
DataCenter:     	Connecting to DC 2 (main server, ipv4, tcp_abridged)...
DataCenter:     	Trying connection on port 443 of 149.154.167.51...
DataCenter:     	OK!
DataCenter:     	Connecting to DC 1 (main server, ipv4, tcp_abridged)...
DataCenter:     	Trying connection on port 443 of 149.154.175.50...
DataCenter:     	OK!
DataCenter:     	Connecting to DC 3 (main server, ipv4, tcp_abridged)...
DataCenter:     	Trying connection on port 443 of 149.154.175.100...
DataCenter:     	OK!
DataCenter:     	Connecting to DC 4 (main server, ipv4, tcp_abridged)...
DataCenter:     	Trying connection on port 443 of 149.154.167.91...
DataCenter:     	OK!
DataCenter:     	Connecting to DC 4_media (main server, ipv4, tcp_abridged)...
DataCenter:     	Trying connection on port 443 of 149.154.166.120...
DataCenter:     	OK!
DataCenter:     	Connecting to DC 5 (main server, ipv4, tcp_abridged)...
DataCenter:     	Trying connection on port 443 of 91.108.56.158...
DataCenter:     	OK!
MsgIdHandler:   	WARNING: Given message id (6575892529425660929) is bigger than or equal to the current limit (6575892529425620993). Consider syncing your date.
MTProto:        	The authorization key has expired
API:            	Serializing MadelineProto...
APIFactory:     	Didn't serialize in a while, doing that now...
API:            	Serializing MadelineProto...
Serialization:  	Waiting for exclusive lock of serialization lockfile...
Serialization:  	Lock acquired, serializing
Login:          	Sending code...
Exception:      	Received request to switch to DC 1 in ResponseHandler.php:328
CallHandler:    	Received request to switch to DC 1
MsgIdHandler:   	WARNING: Given message id (6575892534464993281) is bigger than or equal to the current limit (6575892534464975873). Consider syncing your date.
Login:          	Code sent successfully! Once you receive the code you should use the complete_phone_login function.
API:            	Serializing MadelineProto...
Serialization:  	Waiting for exclusive lock of serialization lockfile...
Serialization:  	Lock acquired, serializing
Logger:         	MadelineProto
Logger:         	Copyright (C) 2016-2018 Daniil Gentili
Logger:         	Licensed under AGPLv3
Logger:         	https://github.com/danog/MadelineProto
DataCenter:     	Disconnecting from DC 2...
DataCenter:     	Disconnecting from DC 1...
DataCenter:     	Disconnecting from DC 3...
DataCenter:     	Disconnecting from DC 4...
DataCenter:     	Disconnecting from DC 4_media...
DataCenter:     	Disconnecting from DC 5...
DataCenter:     	Connecting to DC 2 (main server, ipv4, tcp_abridged)...
DataCenter:     	Trying connection on port 443 of 149.154.167.51...
DataCenter:     	OK!
DataCenter:     	Connecting to DC 1 (main server, ipv4, tcp_abridged)...
DataCenter:     	Trying connection on port 443 of 149.154.175.50...
DataCenter:     	OK!
DataCenter:     	Connecting to DC 3 (main server, ipv4, tcp_abridged)...
DataCenter:     	Trying connection on port 443 of 149.154.175.100...
DataCenter:     	OK!
DataCenter:     	Connecting to DC 4 (main server, ipv4, tcp_abridged)...
DataCenter:     	Trying connection on port 443 of 149.154.167.91...
DataCenter:     	OK!
DataCenter:     	Connecting to DC 4_media (main server, ipv4, tcp_abridged)...
DataCenter:     	Trying connection on port 443 of 149.154.166.120...
DataCenter:     	OK!
DataCenter:     	Connecting to DC 5 (main server, ipv4, tcp_abridged)...
DataCenter:     	Trying connection on port 443 of 91.108.56.158...
DataCenter:     	OK!
MsgIdHandler:   	WARNING: Given message id (6575892804765577217) is bigger than or equal to the current limit (6575892804765535233). Consider syncing your date.
MTProto:        	The authorization key has expired
API:            	Serializing MadelineProto...
APIFactory:     	Didn't serialize in a while, doing that now...
API:            	Serializing MadelineProto...
Serialization:  	Waiting for exclusive lock of serialization lockfile...
Serialization:  	Lock acquired, serializing
Login:          	Logging in as a normal user...
AuthKeyHandler: 	Trying to copy authorization from dc 1 to dc 2
MsgIdHandler:   	WARNING: Given message id (6575892810629585921) is bigger than or equal to the current limit (6575892810629545985). Consider syncing your date.
AuthKeyHandler: 	Trying to copy authorization from dc 1 to dc 3
MsgIdHandler:   	WARNING: Given message id (6575892815270688769) is bigger than or equal to the current limit (6575892815270640641). Consider syncing your date.
AuthKeyHandler: 	Trying to copy authorization from dc 1 to dc 4
MsgIdHandler:   	WARNING: Given message id (6575892819647471617) is bigger than or equal to the current limit (6575892819647452161). Consider syncing your date.
AuthKeyHandler: 	Trying to copy authorization from dc 1 to dc 5
MsgIdHandler:   	WARNING: Given message id (6575892820632152065) is lower than or equal to the current limit (6575892820632165377). Consider syncing your date.
PeerHandler:    	Handling pending pwrchat queries...
MsgIdHandler:   	WARNING: Given message id (6575892825670144001) is bigger than or equal to the current limit (6575892825670104065). Consider syncing your date.
Login:          	Logged in successfully!
API:            	Serializing MadelineProto...
Serialization:  	Waiting for exclusive lock of serialization lockfile...
Serialization:  	Lock acquired, serializing
TOS:            	Fetching TOS...
m:              	
PeerHandler:    	Handling pending pwrchat queries...
PeerHandler:    	Handling pending pwrchat queries...
API:            	Serializing MadelineProto...
Serialization:  	Waiting for exclusive lock of serialization lockfile...
Serialization:  	Lock acquired, serializing
Logger, nilamdoc:         	MadelineProto
Logger, nilamdoc:         	Copyright (C) 2016-2018 Daniil Gentili
Logger, nilamdoc:         	Licensed under AGPLv3
Logger, nilamdoc:         	https://github.com/danog/MadelineProto
DataCenter, nilamdoc:     	Disconnecting from DC 2...
DataCenter, nilamdoc:     	Disconnecting from DC 1...
DataCenter, nilamdoc:     	Disconnecting from DC 3...
DataCenter, nilamdoc:     	Disconnecting from DC 4...
DataCenter, nilamdoc:     	Disconnecting from DC 4_media...
DataCenter, nilamdoc:     	Disconnecting from DC 5...
DataCenter, nilamdoc:     	Connecting to DC 2 (main server, ipv4, tcp_abridged)...
DataCenter, nilamdoc:     	Trying connection on port 443 of 149.154.167.51...
DataCenter, nilamdoc:     	OK!
DataCenter, nilamdoc:     	Connecting to DC 1 (main server, ipv4, tcp_abridged)...
DataCenter, nilamdoc:     	Trying connection on port 443 of 149.154.175.50...
DataCenter, nilamdoc:     	OK!
DataCenter, nilamdoc:     	Connecting to DC 3 (main server, ipv4, tcp_abridged)...
DataCenter, nilamdoc:     	Trying connection on port 443 of 149.154.175.100...
DataCenter, nilamdoc:     	OK!
DataCenter, nilamdoc:     	Connecting to DC 4 (main server, ipv4, tcp_abridged)...
DataCenter, nilamdoc:     	Trying connection on port 443 of 149.154.167.91...
DataCenter, nilamdoc:     	OK!
DataCenter, nilamdoc:     	Connecting to DC 4_media (main server, ipv4, tcp_abridged)...
DataCenter, nilamdoc:     	Trying connection on port 443 of 149.154.166.120...
DataCenter, nilamdoc:     	OK!
DataCenter, nilamdoc:     	Connecting to DC 5 (main server, ipv4, tcp_abridged)...
DataCenter, nilamdoc:     	Trying connection on port 443 of 91.108.56.158...
DataCenter, nilamdoc:     	OK!
Exception, nilamdoc:      	Got bad message notification in ResponseHandler.php:95
MsgIdHandler, nilamdoc:   	WARNING: Given message id (6576201719920909313) is bigger than or equal to the current limit (6576201719920874497). Consider syncing your date.
ResponseHandler, nilamdoc: 	Auth key not registered, resetting temporary and permanent auth keys...
ResponseHandler, nilamdoc: 	Permanent auth key was main authorized key, logging out...
AuthKeyHandler, nilamdoc: 	Generating permanent authorization key for DC 2...
AuthKeyHandler, nilamdoc: 	Requesting pq...
ResponseHandler, nilamdoc: 	Trying to assign a response of type ResPQ to its request...
ResponseHandler, nilamdoc: 	Does the request of return type ResPQ match?
ResponseHandler, nilamdoc: 	Yes
AuthKeyHandler, nilamdoc: 	Automatic factorization failed, trying native CPP module
AuthKeyHandler, nilamdoc: 	Automatic factorization failed, trying alt py module
AuthKeyHandler, nilamdoc: 	Automatic factorization failed, trying py module
AuthKeyHandler, nilamdoc: 	Automatic factorization failed, trying native module
AuthKeyHandler, nilamdoc: 	Automatic factorization failed, trying wolfram module
AuthKeyHandler, nilamdoc: 	Factorization 1427480575903375613 = 1040154607 * 1372373459
RSA, nilamdoc:            	Encrypting with rsa key...
AuthKeyHandler, nilamdoc: 	Starting Diffie Hellman key exchange
ResponseHandler, nilamdoc: 	Trying to assign a response of type Server_DH_Params to its request...
ResponseHandler, nilamdoc: 	Does the request of return type Server_DH_Params match?
ResponseHandler, nilamdoc: 	Yes
AuthKeyHandler, nilamdoc: 	Server-client time delta = 1.0 s
AuthKeyHandler, nilamdoc: 	Executing p/g checks (1/2)...
AuthKeyHandler, nilamdoc: 	Executing p/g checks (2/2)...
AuthKeyHandler, nilamdoc: 	Executing g check...
AuthKeyHandler, nilamdoc: 	Executing g_a check (1/2)...
AuthKeyHandler, nilamdoc: 	Executing g_a check (2/2)...
AuthKeyHandler, nilamdoc: 	Generating b...
AuthKeyHandler, nilamdoc: 	Generating g_b...
AuthKeyHandler, nilamdoc: 	Executing g_a check (1/2)...
AuthKeyHandler, nilamdoc: 	Executing g_a check (2/2)...
AuthKeyHandler, nilamdoc: 	Executing g_b check...
AuthKeyHandler, nilamdoc: 	Preparing client_DH_inner_data...
AuthKeyHandler, nilamdoc: 	Executing set_client_DH_params...
ResponseHandler, nilamdoc: 	Trying to assign a response of type Set_client_DH_params_answer to its request...
ResponseHandler, nilamdoc: 	Does the request of return type Set_client_DH_params_answer match?
ResponseHandler, nilamdoc: 	Yes
AuthKeyHandler, nilamdoc: 	Generating authorization key...
AuthKeyHandler, nilamdoc: 	Diffie Hellman key exchange processed successfully!
AuthKeyHandler, nilamdoc: 	Auth key generated
CallHandler, nilamdoc:    	Writing client info (also executing help.getConfig)...
MsgIdHandler, nilamdoc:   	WARNING: Given message id (6576201747519565825) is bigger than or equal to the current limit (6576201747519522817). Consider syncing your date.
MTProto, nilamdoc:        	Got new DC options, reconnecting
DataCenter, nilamdoc:     	Disconnecting from DC 2...
DataCenter, nilamdoc:     	Disconnecting from DC 1...
DataCenter, nilamdoc:     	Disconnecting from DC 3...
DataCenter, nilamdoc:     	Disconnecting from DC 4...
DataCenter, nilamdoc:     	Disconnecting from DC 4_media...
DataCenter, nilamdoc:     	Disconnecting from DC 5...
DataCenter, nilamdoc:     	Connecting to DC 2 (main server, ipv4, tcp_abridged)...
DataCenter, nilamdoc:     	Trying connection on port 443 of 149.154.167.51...
DataCenter, nilamdoc:     	OK!
DataCenter, nilamdoc:     	Connecting to DC 1 (main server, ipv4, tcp_abridged)...
DataCenter, nilamdoc:     	Trying connection on port 443 of 149.154.175.50...
DataCenter, nilamdoc:     	OK!
DataCenter, nilamdoc:     	Connecting to DC 3 (main server, ipv4, tcp_abridged)...
DataCenter, nilamdoc:     	Trying connection on port 443 of 149.154.175.100...
DataCenter, nilamdoc:     	OK!
DataCenter, nilamdoc:     	Connecting to DC 4 (main server, ipv4, tcp_abridged)...
DataCenter, nilamdoc:     	Trying connection on port 443 of 149.154.167.91...
DataCenter, nilamdoc:     	OK!
DataCenter, nilamdoc:     	Connecting to DC 4_media (main server, ipv4, tcp_abridged)...
DataCenter, nilamdoc:     	Trying connection on port 443 of 149.154.166.120...
DataCenter, nilamdoc:     	OK!
DataCenter, nilamdoc:     	Connecting to DC 5 (main server, ipv4, tcp_abridged)...
DataCenter, nilamdoc:     	Trying connection on port 443 of 91.108.56.158...
DataCenter, nilamdoc:     	OK!
AuthKeyHandler, nilamdoc: 	Generating permanent authorization key for DC 1...
AuthKeyHandler, nilamdoc: 	Requesting pq...
ResponseHandler, nilamdoc: 	Trying to assign a response of type ResPQ to its request...
ResponseHandler, nilamdoc: 	Does the request of return type ResPQ match?
ResponseHandler, nilamdoc: 	Yes
AuthKeyHandler, nilamdoc: 	Automatic factorization failed, trying native CPP module
AuthKeyHandler, nilamdoc: 	Automatic factorization failed, trying alt py module
AuthKeyHandler, nilamdoc: 	Automatic factorization failed, trying py module
AuthKeyHandler, nilamdoc: 	Automatic factorization failed, trying native module
AuthKeyHandler, nilamdoc: 	Automatic factorization failed, trying wolfram module
AuthKeyHandler, nilamdoc: 	Factorization 1266728436004248667 = 1044006571 * 1213333777
RSA, nilamdoc:            	Encrypting with rsa key...
AuthKeyHandler, nilamdoc: 	Starting Diffie Hellman key exchange
ResponseHandler, nilamdoc: 	Trying to assign a response of type Server_DH_Params to its request...
ResponseHandler, nilamdoc: 	Does the request of return type Server_DH_Params match?
ResponseHandler, nilamdoc: 	Yes
AuthKeyHandler, nilamdoc: 	Server-client time delta = 1.0 s
AuthKeyHandler, nilamdoc: 	Executing p/g checks (1/2)...
AuthKeyHandler, nilamdoc: 	Executing p/g checks (2/2)...
AuthKeyHandler, nilamdoc: 	Executing g check...
AuthKeyHandler, nilamdoc: 	Executing g_a check (1/2)...
AuthKeyHandler, nilamdoc: 	Executing g_a check (2/2)...
AuthKeyHandler, nilamdoc: 	Generating b...
AuthKeyHandler, nilamdoc: 	Generating g_b...
AuthKeyHandler, nilamdoc: 	Executing g_a check (1/2)...
AuthKeyHandler, nilamdoc: 	Executing g_a check (2/2)...
AuthKeyHandler, nilamdoc: 	Executing g_b check...
AuthKeyHandler, nilamdoc: 	Preparing client_DH_inner_data...
AuthKeyHandler, nilamdoc: 	Executing set_client_DH_params...
ResponseHandler, nilamdoc: 	Trying to assign a response of type Set_client_DH_params_answer to its request...
ResponseHandler, nilamdoc: 	Does the request of return type Set_client_DH_params_answer match?
ResponseHandler, nilamdoc: 	Yes
AuthKeyHandler, nilamdoc: 	Generating authorization key...
AuthKeyHandler, nilamdoc: 	Diffie Hellman key exchange processed successfully!
AuthKeyHandler, nilamdoc: 	Auth key generated
CallHandler, nilamdoc:    	Writing client info (also executing help.getConfig)...
MsgIdHandler, nilamdoc:   	WARNING: Given message id (6576201791206364161) is bigger than or equal to the current limit (6576201791206321153). Consider syncing your date.
AuthKeyHandler, nilamdoc: 	Generating permanent authorization key for DC 3...
AuthKeyHandler, nilamdoc: 	Requesting pq...
ResponseHandler, nilamdoc: 	Trying to assign a response of type ResPQ to its request...
ResponseHandler, nilamdoc: 	Does the request of return type ResPQ match?
ResponseHandler, nilamdoc: 	Yes
AuthKeyHandler, nilamdoc: 	Automatic factorization failed, trying native CPP module
AuthKeyHandler, nilamdoc: 	Automatic factorization failed, trying alt py module
AuthKeyHandler, nilamdoc: 	Automatic factorization failed, trying py module
AuthKeyHandler, nilamdoc: 	Automatic factorization failed, trying native module
AuthKeyHandler, nilamdoc: 	Automatic factorization failed, trying wolfram module
AuthKeyHandler, nilamdoc: 	Factorization 2111960980522975367 = 1133465189 * 1863278203
RSA, nilamdoc:            	Encrypting with rsa key...
AuthKeyHandler, nilamdoc: 	Starting Diffie Hellman key exchange
